SF:lib\bloc\article\article_state.dart
DA:5,1
DA:6,1
DA:16,1
DA:17,1
DA:18,2
LF:5
LH:5
end_of_record
SF:lib\bloc\article\article_event.dart
DA:5,1
DA:9,0
DA:10,0
DA:14,0
DA:15,0
DA:20,1
DA:21,0
DA:22,0
LF:8
LH:2
end_of_record
SF:lib\bloc\article\article_bloc.dart
DA:14,1
DA:15,0
DA:16,2
DA:19,1
DA:22,1
DA:23,1
DA:24,0
DA:25,0
DA:26,0
DA:27,1
DA:28,2
DA:31,4
DA:32,1
DA:33,1
DA:34,1
DA:36,0
LF:16
LH:11
end_of_record
SF:lib\repository\models\article.dart
DA:20,1
DA:31,0
DA:32,0
DA:33,0
LF:4
LH:1
end_of_record
SF:lib\repository\models\article.g.dart
DA:9,0
DA:10,0
DA:11,0
DA:12,0
DA:13,0
DA:14,0
DA:15,0
DA:16,0
DA:17,0
DA:18,0
DA:19,0
DA:20,0
DA:21,0
DA:22,0
DA:26,0
DA:27,0
DA:28,0
DA:29,0
DA:30,0
DA:31,0
DA:32,0
DA:33,0
DA:34,0
DA:35,0
LF:24
LH:0
end_of_record
SF:lib\repository\repository.dart
DA:9,0
DA:10,0
DA:11,0
DA:14,0
DA:15,0
LF:5
LH:0
end_of_record
SF:lib\api\visit_client.g.dart
DA:10,0
DA:11,0
DA:12,0
DA:21,0
DA:22,0
DA:24,0
DA:25,0
DA:26,0
DA:28,0
DA:30,0
DA:32,0
DA:34,0
DA:35,0
DA:36,0
DA:38,0
DA:39,0
LF:16
LH:0
end_of_record
SF:lib\repository\models\media_item.dart
DA:15,0
DA:23,0
DA:24,0
DA:25,0
LF:4
LH:0
end_of_record
SF:lib\repository\models\media_item.g.dart
DA:9,0
DA:10,0
DA:11,0
DA:12,0
DA:13,0
DA:14,0
DA:15,0
DA:16,0
DA:18,0
DA:19,0
DA:23,0
DA:24,0
DA:25,0
DA:26,0
DA:27,0
DA:28,0
LF:16
LH:0
end_of_record
SF:lib\repository\models\media_metadata_item.dart
DA:13,0
DA:20,0
DA:21,0
DA:22,0
LF:4
LH:0
end_of_record
SF:lib\repository\models\media_metadata_item.g.dart
DA:9,0
DA:10,0
DA:11,0
DA:12,0
DA:13,0
DA:14,0
DA:18,0
DA:19,0
DA:20,0
DA:21,0
DA:22,0
DA:23,0
LF:12
LH:0
end_of_record
